# JRE version: OpenJDK Runtime Environment Temurin-17.0.14+7 (17.0.14+7) (build 17.0.14+7)
# Java VM: OpenJDK 64-Bit Server VM Temurin-17.0.14+7 (17.0.14+7, mixed mode, sharing, tiered, compressed oops, compressed class ptrs, g1 gc, windows-amd64)
GC Precious Log:
 CPUs: 16 total, 16 available
 Memory: 15791M
 Large Page Support: Disabled
 NUMA Support: Disabled
 Compressed Oops: Enabled (Zero based)
 Heap Region Size: 2M
 Heap Min Capacity: 8M
 Heap Initial Capacity: 248M
 Heap Max Capacity: 3948M
 Pre-touch: Disabled
 Parallel Workers: 13
 Concurrent Workers: 3
 Concurrent Refinement Workers: 13
 Periodic GC: Disabled
Heap:
 garbage-first heap   total 421888K, used 178582K [0x0000000709400000, 0x0000000800000000)
  region size 2048K, 3 young (6144K), 3 survivors (6144K)
 Metaspace       used 68755K, committed 70208K, reserved 1114112K
  class space    used 10054K, committed 10688K, reserved 1048576K
GC Heap History (20 events):
Event: 9.179 GC heap after
{Heap after GC invocations=17 (full 0):
 garbage-first heap   total 368640K, used 90623K [0x0000000709400000, 0x0000000800000000)
  region size 2048K, 2 young (4096K), 2 survivors (4096K)
 Metaspace       used 32284K, committed 33216K, reserved 1114112K
  class space    used 3813K, committed 4224K, reserved 1048576K
}
Event: 9.225 GC heap before
{Heap before GC invocations=17 (full 0):
 garbage-first heap   total 368640K, used 104959K [0x0000000709400000, 0x0000000800000000)
  region size 2048K, 9 young (18432K), 2 survivors (4096K)
 Metaspace       used 32284K, committed 33216K, reserved 1114112K
  class space    used 3813K, committed 4224K, reserved 1048576K
}
Event: 9.227 GC heap after
{Heap after GC invocations=18 (full 0):
 garbage-first heap   total 368640K, used 87059K [0x0000000709400000, 0x0000000800000000)
  region size 2048K, 2 young (4096K), 2 survivors (4096K)
 Metaspace       used 32284K, committed 33216K, reserved 1114112K
  class space    used 3813K, committed 4224K, reserved 1048576K
}
Event: 9.788 GC heap before
{Heap before GC invocations=18 (full 0):
 garbage-first heap   total 368640K, used 285715K [0x0000000709400000, 0x0000000800000000)
  region size 2048K, 99 young (202752K), 2 survivors (4096K)
 Metaspace       used 34176K, committed 35200K, reserved 1114112K
  class space    used 4019K, committed 4480K, reserved 1048576K
}
Event: 9.791 GC heap after
{Heap after GC invocations=19 (full 0):
 garbage-first heap   total 368640K, used 89319K [0x0000000709400000, 0x0000000800000000)
  region size 2048K, 3 young (6144K), 3 survivors (6144K)
 Metaspace       used 34176K, committed 35200K, reserved 1114112K
  class space    used 4019K, committed 4480K, reserved 1048576K
}
Event: 11.214 GC heap before
{Heap before GC invocations=19 (full 0):
 garbage-first heap   total 368640K, used 304359K [0x0000000709400000, 0x0000000800000000)
  region size 2048K, 102 young (208896K), 3 survivors (6144K)
 Metaspace       used 38282K, committed 39360K, reserved 1114112K
  class space    used 4565K, committed 5056K, reserved 1048576K
}
Event: 11.218 GC heap after
{Heap after GC invocations=20 (full 0):
 garbage-first heap   total 368640K, used 105509K [0x0000000709400000, 0x0000000800000000)
  region size 2048K, 5 young (10240K), 5 survivors (10240K)
 Metaspace       used 38282K, committed 39360K, reserved 1114112K
  class space    used 4565K, committed 5056K, reserved 1048576K
}
Event: 13.077 GC heap before
{Heap before GC invocations=20 (full 0):
 garbage-first heap   total 368640K, used 295973K [0x0000000709400000, 0x0000000800000000)
  region size 2048K, 98 young (200704K), 5 survivors (10240K)
 Metaspace       used 47608K, committed 48832K, reserved 1114112K
  class space    used 5902K, committed 6464K, reserved 1048576K
}
Event: 13.087 GC heap after
{Heap after GC invocations=21 (full 0):
 garbage-first heap   total 368640K, used 113684K [0x0000000709400000, 0x0000000800000000)
  region size 2048K, 9 young (18432K), 9 survivors (18432K)
 Metaspace       used 47608K, committed 48832K, reserved 1114112K
  class space    used 5902K, committed 6464K, reserved 1048576K
}
Event: 13.821 GC heap before
{Heap before GC invocations=21 (full 0):
 garbage-first heap   total 368640K, used 298004K [0x0000000709400000, 0x0000000800000000)
  region size 2048K, 99 young (202752K), 9 survivors (18432K)
 Metaspace       used 49839K, committed 51136K, reserved 1114112K
  class space    used 6285K, committed 6848K, reserved 1048576K
}
Event: 13.848 GC heap after
{Heap after GC invocations=22 (full 0):
 garbage-first heap   total 368640K, used 134326K [0x0000000709400000, 0x0000000800000000)
  region size 2048K, 13 young (26624K), 13 survivors (26624K)
 Metaspace       used 49839K, committed 51136K, reserved 1114112K
  class space    used 6285K, committed 6848K, reserved 1048576K
}
Event: 14.379 GC heap before
{Heap before GC invocations=22 (full 0):
 garbage-first heap   total 368640K, used 292022K [0x0000000709400000, 0x0000000800000000)
  region size 2048K, 90 young (184320K), 13 survivors (26624K)
 Metaspace       used 51391K, committed 52672K, reserved 1114112K
  class space    used 6582K, committed 7168K, reserved 1048576K
}
Event: 14.407 GC heap after
{Heap after GC invocations=23 (full 0):
 garbage-first heap   total 368640K, used 152164K [0x0000000709400000, 0x0000000800000000)
  region size 2048K, 9 young (18432K), 9 survivors (18432K)
 Metaspace       used 51391K, committed 52672K, reserved 1114112K
  class space    used 6582K, committed 7168K, reserved 1048576K
}
Event: 14.887 GC heap before
{Heap before GC invocations=23 (full 0):
 garbage-first heap   total 368640K, used 191076K [0x0000000709400000, 0x0000000800000000)
  region size 2048K, 29 young (59392K), 9 survivors (18432K)
 Metaspace       used 54116K, committed 55360K, reserved 1114112K
  class space    used 6921K, committed 7488K, reserved 1048576K
}
Event: 14.898 GC heap after
{Heap after GC invocations=24 (full 0):
 garbage-first heap   total 368640K, used 156829K [0x0000000709400000, 0x0000000800000000)
  region size 2048K, 2 young (4096K), 2 survivors (4096K)
 Metaspace       used 54116K, committed 55360K, reserved 1114112K
  class space    used 6921K, committed 7488K, reserved 1048576K
}
Event: 16.351 GC heap before
{Heap before GC invocations=25 (full 0):
 garbage-first heap   total 368640K, used 296093K [0x0000000709400000, 0x0000000800000000)
  region size 2048K, 70 young (143360K), 2 survivors (4096K)
 Metaspace       used 60419K, committed 61760K, reserved 1114112K
  class space    used 8391K, committed 8960K, reserved 1048576K
}
Event: 16.364 GC heap after
{Heap after GC invocations=26 (full 0):
 garbage-first heap   total 368640K, used 174455K [0x0000000709400000, 0x0000000800000000)
  region size 2048K, 9 young (18432K), 9 survivors (18432K)
 Metaspace       used 60419K, committed 61760K, reserved 1114112K
  class space    used 8391K, committed 8960K, reserved 1048576K
}
Event: 16.378 GC heap before
{Heap before GC invocations=26 (full 0):
 garbage-first heap   total 368640K, used 176503K [0x0000000709400000, 0x0000000800000000)
  region size 2048K, 10 young (20480K), 9 survivors (18432K)
 Metaspace       used 60420K, committed 61760K, reserved 1114112K
  class space    used 8391K, committed 8960K, reserved 1048576K
}
Event: 16.389 GC heap after
{Heap after GC invocations=27 (full 0):
 garbage-first heap   total 368640K, used 175333K [0x0000000709400000, 0x0000000800000000)
  region size 2048K, 1 young (2048K), 1 survivors (2048K)
 Metaspace       used 60420K, committed 61760K, reserved 1114112K
  class space    used 8391K, committed 8960K, reserved 1048576K
}
Event: 18.165 GC heap before
{Heap before GC invocations=27 (full 0):
 garbage-first heap   total 368640K, used 298213K [0x0000000709400000, 0x0000000800000000)
  region size 2048K, 61 young (124928K), 1 survivors (2048K)
 Metaspace       used 68755K, committed 70208K, reserved 1114112K
  class space    used 10054K, committed 10688K, reserved 1048576K
}

